

Started GET "/" for 127.0.0.1 at 2014-09-08 21:54:03 -0500
Processing by Rails::WelcomeController#index as HTML
  Rendered c:/Ruby200-x64/lib/ruby/gems/2.0.0/gems/railties-4.0.8/lib/rails/templates/rails/welcome/index.html.erb (3.0ms)
Completed 200 OK in 72ms (Views: 71.0ms | ActiveRecord: 0.0ms)


Started GET "/" for 127.0.0.1 at 2014-09-08 21:59:14 -0500
Processing by JacquiController#home as HTML
  Rendered jacqui/home.html.erb within layouts/application (3.0ms)
Completed 200 OK in 736ms (Views: 736.0ms | ActiveRecord: 0.0ms)


Started GET "/application.css" for 127.0.0.1 at 2014-09-08 21:59:15 -0500

ActionController::RoutingError (No route matches [GET] "/application.css"):
  actionpack (4.0.8) lib/action_dispatch/middleware/debug_exceptions.rb:21:in `call'
  actionpack (4.0.8) lib/action_dispatch/middleware/show_exceptions.rb:30:in `call'
  railties (4.0.8) lib/rails/rack/logger.rb:38:in `call_app'
  railties (4.0.8) lib/rails/rack/logger.rb:20:in `block in call'
  activesupport (4.0.8) lib/active_support/tagged_logging.rb:68:in `block in tagged'
  activesupport (4.0.8) lib/active_support/tagged_logging.rb:26:in `tagged'
  activesupport (4.0.8) lib/active_support/tagged_logging.rb:68:in `tagged'
  railties (4.0.8) lib/rails/rack/logger.rb:20:in `call'
  actionpack (4.0.8) lib/action_dispatch/middleware/request_id.rb:21:in `call'
  rack (1.5.2) lib/rack/methodoverride.rb:21:in `call'
  rack (1.5.2) lib/rack/runtime.rb:17:in `call'
  activesupport (4.0.8) lib/active_support/cache/strategy/local_cache.rb:83:in `call'
  rack (1.5.2) lib/rack/lock.rb:17:in `call'
  actionpack (4.0.8) lib/action_dispatch/middleware/static.rb:64:in `call'
  rack (1.5.2) lib/rack/sendfile.rb:112:in `call'
  railties (4.0.8) lib/rails/engine.rb:511:in `call'
  railties (4.0.8) lib/rails/application.rb:97:in `call'
  rack (1.5.2) lib/rack/lock.rb:17:in `call'
  rack (1.5.2) lib/rack/content_length.rb:14:in `call'
  rack (1.5.2) lib/rack/handler/webrick.rb:60:in `service'
  c:/Ruby200-x64/lib/ruby/2.0.0/webrick/httpserver.rb:138:in `service'
  c:/Ruby200-x64/lib/ruby/2.0.0/webrick/httpserver.rb:94:in `run'
  c:/Ruby200-x64/lib/ruby/2.0.0/webrick/server.rb:295:in `block in start_thread'


  Rendered c:/Ruby200-x64/lib/ruby/gems/2.0.0/gems/actionpack-4.0.8/lib/action_dispatch/middleware/templates/rescues/_trace.erb (1.0ms)
  Rendered c:/Ruby200-x64/lib/ruby/gems/2.0.0/gems/actionpack-4.0.8/lib/action_dispatch/middleware/templates/routes/_route.html.erb (0.0ms)
  Rendered c:/Ruby200-x64/lib/ruby/gems/2.0.0/gems/actionpack-4.0.8/lib/action_dispatch/middleware/templates/routes/_table.html.erb (31.0ms)
  Rendered c:/Ruby200-x64/lib/ruby/gems/2.0.0/gems/actionpack-4.0.8/lib/action_dispatch/middleware/templates/rescues/routing_error.erb within rescues/layout (149.0ms)


Started GET "/assets/application.css?body=1" for 127.0.0.1 at 2014-09-08 21:59:15 -0500


Started GET "/assets/jquery.js?body=1" for 127.0.0.1 at 2014-09-08 21:59:15 -0500


Started GET "/assets/jquery_ujs.js?body=1" for 127.0.0.1 at 2014-09-08 21:59:15 -0500


Started GET "/assets/turbolinks.js?body=1" for 127.0.0.1 at 2014-09-08 21:59:15 -0500


Started GET "/assets/jacqui.js?body=1" for 127.0.0.1 at 2014-09-08 21:59:15 -0500


Started GET "/assets/application.js?body=1" for 127.0.0.1 at 2014-09-08 21:59:15 -0500


Started GET "/beach" for 127.0.0.1 at 2014-09-08 21:59:19 -0500
Processing by JacquiController#beach as HTML
  Rendered jacqui/beach.html.erb within layouts/application (0.0ms)
Completed 200 OK in 21ms (Views: 21.0ms | ActiveRecord: 0.0ms)


Started GET "/beach" for 127.0.0.1 at 2014-09-08 21:59:19 -0500
Processing by JacquiController#beach as HTML
  Rendered jacqui/beach.html.erb within layouts/application (0.0ms)
Completed 200 OK in 8ms (Views: 8.0ms | ActiveRecord: 0.0ms)


Started GET "/application.css" for 127.0.0.1 at 2014-09-08 21:59:19 -0500

ActionController::RoutingError (No route matches [GET] "/application.css"):
  actionpack (4.0.8) lib/action_dispatch/middleware/debug_exceptions.rb:21:in `call'
  actionpack (4.0.8) lib/action_dispatch/middleware/show_exceptions.rb:30:in `call'
  railties (4.0.8) lib/rails/rack/logger.rb:38:in `call_app'
  railties (4.0.8) lib/rails/rack/logger.rb:20:in `block in call'
  activesupport (4.0.8) lib/active_support/tagged_logging.rb:68:in `block in tagged'
  activesupport (4.0.8) lib/active_support/tagged_logging.rb:26:in `tagged'
  activesupport (4.0.8) lib/active_support/tagged_logging.rb:68:in `tagged'
  railties (4.0.8) lib/rails/rack/logger.rb:20:in `call'
  actionpack (4.0.8) lib/action_dispatch/middleware/request_id.rb:21:in `call'
  rack (1.5.2) lib/rack/methodoverride.rb:21:in `call'
  rack (1.5.2) lib/rack/runtime.rb:17:in `call'
  activesupport (4.0.8) lib/active_support/cache/strategy/local_cache.rb:83:in `call'
  rack (1.5.2) lib/rack/lock.rb:17:in `call'
  actionpack (4.0.8) lib/action_dispatch/middleware/static.rb:64:in `call'
  rack (1.5.2) lib/rack/sendfile.rb:112:in `call'
  railties (4.0.8) lib/rails/engine.rb:511:in `call'
  railties (4.0.8) lib/rails/application.rb:97:in `call'
  rack (1.5.2) lib/rack/lock.rb:17:in `call'
  rack (1.5.2) lib/rack/content_length.rb:14:in `call'
  rack (1.5.2) lib/rack/handler/webrick.rb:60:in `service'
  c:/Ruby200-x64/lib/ruby/2.0.0/webrick/httpserver.rb:138:in `service'
  c:/Ruby200-x64/lib/ruby/2.0.0/webrick/httpserver.rb:94:in `run'
  c:/Ruby200-x64/lib/ruby/2.0.0/webrick/server.rb:295:in `block in start_thread'


  Rendered c:/Ruby200-x64/lib/ruby/gems/2.0.0/gems/actionpack-4.0.8/lib/action_dispatch/middleware/templates/rescues/_trace.erb (1.0ms)
  Rendered c:/Ruby200-x64/lib/ruby/gems/2.0.0/gems/actionpack-4.0.8/lib/action_dispatch/middleware/templates/routes/_route.html.erb (1.0ms)
  Rendered c:/Ruby200-x64/lib/ruby/gems/2.0.0/gems/actionpack-4.0.8/lib/action_dispatch/middleware/templates/routes/_table.html.erb (1.0ms)
  Rendered c:/Ruby200-x64/lib/ruby/gems/2.0.0/gems/actionpack-4.0.8/lib/action_dispatch/middleware/templates/rescues/routing_error.erb within rescues/layout (75.0ms)


Started GET "/assets/turbolinks.js?body=1" for 127.0.0.1 at 2014-09-08 21:59:19 -0500


Started GET "/assets/jquery_ujs.js?body=1" for 127.0.0.1 at 2014-09-08 21:59:19 -0500


Started GET "/assets/application.css?body=1" for 127.0.0.1 at 2014-09-08 21:59:19 -0500


Started GET "/assets/jquery.js?body=1" for 127.0.0.1 at 2014-09-08 21:59:19 -0500


Started GET "/assets/jacqui.js?body=1" for 127.0.0.1 at 2014-09-08 21:59:19 -0500


Started GET "/assets/application.js?body=1" for 127.0.0.1 at 2014-09-08 21:59:19 -0500


Started GET "/home" for 127.0.0.1 at 2014-09-08 21:59:22 -0500
Processing by JacquiController#home as HTML
  Rendered jacqui/home.html.erb within layouts/application (1.0ms)
Completed 200 OK in 10ms (Views: 10.0ms | ActiveRecord: 0.0ms)


Started GET "/home" for 127.0.0.1 at 2014-09-08 21:59:22 -0500
Processing by JacquiController#home as HTML
  Rendered jacqui/home.html.erb within layouts/application (0.0ms)
Completed 200 OK in 8ms (Views: 8.0ms | ActiveRecord: 0.0ms)


Started GET "/application.css" for 127.0.0.1 at 2014-09-08 21:59:22 -0500

ActionController::RoutingError (No route matches [GET] "/application.css"):
  actionpack (4.0.8) lib/action_dispatch/middleware/debug_exceptions.rb:21:in `call'
  actionpack (4.0.8) lib/action_dispatch/middleware/show_exceptions.rb:30:in `call'
  railties (4.0.8) lib/rails/rack/logger.rb:38:in `call_app'
  railties (4.0.8) lib/rails/rack/logger.rb:20:in `block in call'
  activesupport (4.0.8) lib/active_support/tagged_logging.rb:68:in `block in tagged'
  activesupport (4.0.8) lib/active_support/tagged_logging.rb:26:in `tagged'
  activesupport (4.0.8) lib/active_support/tagged_logging.rb:68:in `tagged'
  railties (4.0.8) lib/rails/rack/logger.rb:20:in `call'
  actionpack (4.0.8) lib/action_dispatch/middleware/request_id.rb:21:in `call'
  rack (1.5.2) lib/rack/methodoverride.rb:21:in `call'
  rack (1.5.2) lib/rack/runtime.rb:17:in `call'
  activesupport (4.0.8) lib/active_support/cache/strategy/local_cache.rb:83:in `call'
  rack (1.5.2) lib/rack/lock.rb:17:in `call'
  actionpack (4.0.8) lib/action_dispatch/middleware/static.rb:64:in `call'
  rack (1.5.2) lib/rack/sendfile.rb:112:in `call'
  railties (4.0.8) lib/rails/engine.rb:511:in `call'
  railties (4.0.8) lib/rails/application.rb:97:in `call'
  rack (1.5.2) lib/rack/lock.rb:17:in `call'
  rack (1.5.2) lib/rack/content_length.rb:14:in `call'
  rack (1.5.2) lib/rack/handler/webrick.rb:60:in `service'
  c:/Ruby200-x64/lib/ruby/2.0.0/webrick/httpserver.rb:138:in `service'
  c:/Ruby200-x64/lib/ruby/2.0.0/webrick/httpserver.rb:94:in `run'
  c:/Ruby200-x64/lib/ruby/2.0.0/webrick/server.rb:295:in `block in start_thread'


  Rendered c:/Ruby200-x64/lib/ruby/gems/2.0.0/gems/actionpack-4.0.8/lib/action_dispatch/middleware/templates/rescues/_trace.erb (1.0ms)
  Rendered c:/Ruby200-x64/lib/ruby/gems/2.0.0/gems/actionpack-4.0.8/lib/action_dispatch/middleware/templates/routes/_route.html.erb (1.0ms)
  Rendered c:/Ruby200-x64/lib/ruby/gems/2.0.0/gems/actionpack-4.0.8/lib/action_dispatch/middleware/templates/routes/_table.html.erb (1.0ms)
  Rendered c:/Ruby200-x64/lib/ruby/gems/2.0.0/gems/actionpack-4.0.8/lib/action_dispatch/middleware/templates/rescues/routing_error.erb within rescues/layout (73.0ms)


Started GET "/assets/jquery_ujs.js?body=1" for 127.0.0.1 at 2014-09-08 21:59:22 -0500


Started GET "/assets/application.css?body=1" for 127.0.0.1 at 2014-09-08 21:59:22 -0500


Started GET "/assets/turbolinks.js?body=1" for 127.0.0.1 at 2014-09-08 21:59:22 -0500


Started GET "/assets/jacqui.js?body=1" for 127.0.0.1 at 2014-09-08 21:59:22 -0500


Started GET "/assets/jquery.js?body=1" for 127.0.0.1 at 2014-09-08 21:59:22 -0500


Started GET "/assets/application.js?body=1" for 127.0.0.1 at 2014-09-08 21:59:22 -0500


Started GET "/sixmonth" for 127.0.0.1 at 2014-09-08 21:59:25 -0500
Processing by JacquiController#sixmonth as HTML
  Rendered jacqui/sixmonth.html.erb within layouts/application (0.0ms)
Completed 200 OK in 9ms (Views: 9.0ms | ActiveRecord: 0.0ms)


Started GET "/sixmonth" for 127.0.0.1 at 2014-09-08 21:59:25 -0500
Processing by JacquiController#sixmonth as HTML
  Rendered jacqui/sixmonth.html.erb within layouts/application (1.0ms)
Completed 200 OK in 9ms (Views: 9.0ms | ActiveRecord: 0.0ms)


Started GET "/application.css" for 127.0.0.1 at 2014-09-08 21:59:25 -0500

ActionController::RoutingError (No route matches [GET] "/application.css"):
  actionpack (4.0.8) lib/action_dispatch/middleware/debug_exceptions.rb:21:in `call'
  actionpack (4.0.8) lib/action_dispatch/middleware/show_exceptions.rb:30:in `call'
  railties (4.0.8) lib/rails/rack/logger.rb:38:in `call_app'
  railties (4.0.8) lib/rails/rack/logger.rb:20:in `block in call'
  activesupport (4.0.8) lib/active_support/tagged_logging.rb:68:in `block in tagged'
  activesupport (4.0.8) lib/active_support/tagged_logging.rb:26:in `tagged'
  activesupport (4.0.8) lib/active_support/tagged_logging.rb:68:in `tagged'
  railties (4.0.8) lib/rails/rack/logger.rb:20:in `call'
  actionpack (4.0.8) lib/action_dispatch/middleware/request_id.rb:21:in `call'
  rack (1.5.2) lib/rack/methodoverride.rb:21:in `call'
  rack (1.5.2) lib/rack/runtime.rb:17:in `call'
  activesupport (4.0.8) lib/active_support/cache/strategy/local_cache.rb:83:in `call'
  rack (1.5.2) lib/rack/lock.rb:17:in `call'
  actionpack (4.0.8) lib/action_dispatch/middleware/static.rb:64:in `call'
  rack (1.5.2) lib/rack/sendfile.rb:112:in `call'
  railties (4.0.8) lib/rails/engine.rb:511:in `call'
  railties (4.0.8) lib/rails/application.rb:97:in `call'
  rack (1.5.2) lib/rack/lock.rb:17:in `call'
  rack (1.5.2) lib/rack/content_length.rb:14:in `call'
  rack (1.5.2) lib/rack/handler/webrick.rb:60:in `service'
  c:/Ruby200-x64/lib/ruby/2.0.0/webrick/httpserver.rb:138:in `service'
  c:/Ruby200-x64/lib/ruby/2.0.0/webrick/httpserver.rb:94:in `run'
  c:/Ruby200-x64/lib/ruby/2.0.0/webrick/server.rb:295:in `block in start_thread'


  Rendered c:/Ruby200-x64/lib/ruby/gems/2.0.0/gems/actionpack-4.0.8/lib/action_dispatch/middleware/templates/rescues/_trace.erb (1.0ms)
  Rendered c:/Ruby200-x64/lib/ruby/gems/2.0.0/gems/actionpack-4.0.8/lib/action_dispatch/middleware/templates/routes/_route.html.erb (1.0ms)
  Rendered c:/Ruby200-x64/lib/ruby/gems/2.0.0/gems/actionpack-4.0.8/lib/action_dispatch/middleware/templates/routes/_table.html.erb (1.0ms)
  Rendered c:/Ruby200-x64/lib/ruby/gems/2.0.0/gems/actionpack-4.0.8/lib/action_dispatch/middleware/templates/rescues/routing_error.erb within rescues/layout (74.0ms)


Started GET "/assets/jacqui.js?body=1" for 127.0.0.1 at 2014-09-08 21:59:25 -0500


Started GET "/assets/jquery_ujs.js?body=1" for 127.0.0.1 at 2014-09-08 21:59:25 -0500


Started GET "/assets/application.css?body=1" for 127.0.0.1 at 2014-09-08 21:59:25 -0500


Started GET "/assets/turbolinks.js?body=1" for 127.0.0.1 at 2014-09-08 21:59:25 -0500


Started GET "/assets/jquery.js?body=1" for 127.0.0.1 at 2014-09-08 21:59:25 -0500


Started GET "/assets/application.js?body=1" for 127.0.0.1 at 2014-09-08 21:59:25 -0500


Started GET "/sixmonth" for 127.0.0.1 at 2014-09-08 22:01:07 -0500
Processing by JacquiController#sixmonth as HTML
  Rendered jacqui/sixmonth.html.erb within layouts/application (0.0ms)
Completed 200 OK in 9ms (Views: 9.0ms | ActiveRecord: 0.0ms)


Started GET "/application.css" for 127.0.0.1 at 2014-09-08 22:01:07 -0500

ActionController::RoutingError (No route matches [GET] "/application.css"):
  actionpack (4.0.8) lib/action_dispatch/middleware/debug_exceptions.rb:21:in `call'
  actionpack (4.0.8) lib/action_dispatch/middleware/show_exceptions.rb:30:in `call'
  railties (4.0.8) lib/rails/rack/logger.rb:38:in `call_app'
  railties (4.0.8) lib/rails/rack/logger.rb:20:in `block in call'
  activesupport (4.0.8) lib/active_support/tagged_logging.rb:68:in `block in tagged'
  activesupport (4.0.8) lib/active_support/tagged_logging.rb:26:in `tagged'
  activesupport (4.0.8) lib/active_support/tagged_logging.rb:68:in `tagged'
  railties (4.0.8) lib/rails/rack/logger.rb:20:in `call'
  actionpack (4.0.8) lib/action_dispatch/middleware/request_id.rb:21:in `call'
  rack (1.5.2) lib/rack/methodoverride.rb:21:in `call'
  rack (1.5.2) lib/rack/runtime.rb:17:in `call'
  activesupport (4.0.8) lib/active_support/cache/strategy/local_cache.rb:83:in `call'
  rack (1.5.2) lib/rack/lock.rb:17:in `call'
  actionpack (4.0.8) lib/action_dispatch/middleware/static.rb:64:in `call'
  rack (1.5.2) lib/rack/sendfile.rb:112:in `call'
  railties (4.0.8) lib/rails/engine.rb:511:in `call'
  railties (4.0.8) lib/rails/application.rb:97:in `call'
  rack (1.5.2) lib/rack/lock.rb:17:in `call'
  rack (1.5.2) lib/rack/content_length.rb:14:in `call'
  rack (1.5.2) lib/rack/handler/webrick.rb:60:in `service'
  c:/Ruby200-x64/lib/ruby/2.0.0/webrick/httpserver.rb:138:in `service'
  c:/Ruby200-x64/lib/ruby/2.0.0/webrick/httpserver.rb:94:in `run'
  c:/Ruby200-x64/lib/ruby/2.0.0/webrick/server.rb:295:in `block in start_thread'


  Rendered c:/Ruby200-x64/lib/ruby/gems/2.0.0/gems/actionpack-4.0.8/lib/action_dispatch/middleware/templates/rescues/_trace.erb (1.0ms)
  Rendered c:/Ruby200-x64/lib/ruby/gems/2.0.0/gems/actionpack-4.0.8/lib/action_dispatch/middleware/templates/routes/_route.html.erb (1.0ms)
  Rendered c:/Ruby200-x64/lib/ruby/gems/2.0.0/gems/actionpack-4.0.8/lib/action_dispatch/middleware/templates/routes/_table.html.erb (1.0ms)
  Rendered c:/Ruby200-x64/lib/ruby/gems/2.0.0/gems/actionpack-4.0.8/lib/action_dispatch/middleware/templates/rescues/routing_error.erb within rescues/layout (76.0ms)


Started GET "/assets/jquery_ujs.js?body=1" for 127.0.0.1 at 2014-09-08 22:01:08 -0500


Started GET "/assets/turbolinks.js?body=1" for 127.0.0.1 at 2014-09-08 22:01:08 -0500


Started GET "/assets/application.css?body=1" for 127.0.0.1 at 2014-09-08 22:01:08 -0500


Started GET "/assets/jacqui.js?body=1" for 127.0.0.1 at 2014-09-08 22:01:08 -0500


Started GET "/assets/jquery.js?body=1" for 127.0.0.1 at 2014-09-08 22:01:08 -0500


Started GET "/assets/application.js?body=1" for 127.0.0.1 at 2014-09-08 22:01:08 -0500


Started GET "/sixmonth" for 127.0.0.1 at 2014-09-08 22:01:38 -0500
Processing by JacquiController#sixmonth as HTML
  Rendered jacqui/sixmonth.html.erb within layouts/application (1.0ms)
Completed 200 OK in 9ms (Views: 8.0ms | ActiveRecord: 0.0ms)


Started GET "/application.css" for 127.0.0.1 at 2014-09-08 22:01:38 -0500

ActionController::RoutingError (No route matches [GET] "/application.css"):
  actionpack (4.0.8) lib/action_dispatch/middleware/debug_exceptions.rb:21:in `call'
  actionpack (4.0.8) lib/action_dispatch/middleware/show_exceptions.rb:30:in `call'
  railties (4.0.8) lib/rails/rack/logger.rb:38:in `call_app'
  railties (4.0.8) lib/rails/rack/logger.rb:20:in `block in call'
  activesupport (4.0.8) lib/active_support/tagged_logging.rb:68:in `block in tagged'
  activesupport (4.0.8) lib/active_support/tagged_logging.rb:26:in `tagged'
  activesupport (4.0.8) lib/active_support/tagged_logging.rb:68:in `tagged'
  railties (4.0.8) lib/rails/rack/logger.rb:20:in `call'
  actionpack (4.0.8) lib/action_dispatch/middleware/request_id.rb:21:in `call'
  rack (1.5.2) lib/rack/methodoverride.rb:21:in `call'
  rack (1.5.2) lib/rack/runtime.rb:17:in `call'
  activesupport (4.0.8) lib/active_support/cache/strategy/local_cache.rb:83:in `call'
  rack (1.5.2) lib/rack/lock.rb:17:in `call'
  actionpack (4.0.8) lib/action_dispatch/middleware/static.rb:64:in `call'
  rack (1.5.2) lib/rack/sendfile.rb:112:in `call'
  railties (4.0.8) lib/rails/engine.rb:511:in `call'
  railties (4.0.8) lib/rails/application.rb:97:in `call'
  rack (1.5.2) lib/rack/lock.rb:17:in `call'
  rack (1.5.2) lib/rack/content_length.rb:14:in `call'
  rack (1.5.2) lib/rack/handler/webrick.rb:60:in `service'
  c:/Ruby200-x64/lib/ruby/2.0.0/webrick/httpserver.rb:138:in `service'
  c:/Ruby200-x64/lib/ruby/2.0.0/webrick/httpserver.rb:94:in `run'
  c:/Ruby200-x64/lib/ruby/2.0.0/webrick/server.rb:295:in `block in start_thread'


  Rendered c:/Ruby200-x64/lib/ruby/gems/2.0.0/gems/actionpack-4.0.8/lib/action_dispatch/middleware/templates/rescues/_trace.erb (0.0ms)
  Rendered c:/Ruby200-x64/lib/ruby/gems/2.0.0/gems/actionpack-4.0.8/lib/action_dispatch/middleware/templates/routes/_route.html.erb (1.0ms)
  Rendered c:/Ruby200-x64/lib/ruby/gems/2.0.0/gems/actionpack-4.0.8/lib/action_dispatch/middleware/templates/routes/_table.html.erb (1.0ms)
  Rendered c:/Ruby200-x64/lib/ruby/gems/2.0.0/gems/actionpack-4.0.8/lib/action_dispatch/middleware/templates/rescues/routing_error.erb within rescues/layout (75.0ms)


Started GET "/assets/application.css?body=1" for 127.0.0.1 at 2014-09-08 22:01:38 -0500


Started GET "/assets/jquery.js?body=1" for 127.0.0.1 at 2014-09-08 22:01:38 -0500


Started GET "/assets/jquery_ujs.js?body=1" for 127.0.0.1 at 2014-09-08 22:01:38 -0500


Started GET "/assets/turbolinks.js?body=1" for 127.0.0.1 at 2014-09-08 22:01:38 -0500


Started GET "/assets/jacqui.js?body=1" for 127.0.0.1 at 2014-09-08 22:01:38 -0500


Started GET "/assets/application.js?body=1" for 127.0.0.1 at 2014-09-08 22:01:38 -0500


Started GET "/sixmonth" for 127.0.0.1 at 2014-09-08 22:01:49 -0500
Processing by JacquiController#sixmonth as HTML
  Rendered jacqui/sixmonth.html.erb within layouts/application (0.0ms)
Completed 200 OK in 9ms (Views: 9.0ms | ActiveRecord: 0.0ms)


Started GET "/assets/jquery_ujs.js?body=1" for 127.0.0.1 at 2014-09-08 22:01:49 -0500


Started GET "/assets/jquery.js?body=1" for 127.0.0.1 at 2014-09-08 22:01:49 -0500


Started GET "/assets/turbolinks.js?body=1" for 127.0.0.1 at 2014-09-08 22:01:49 -0500


Started GET "/application.css" for 127.0.0.1 at 2014-09-08 22:01:49 -0500

ActionController::RoutingError (No route matches [GET] "/application.css"):
  actionpack (4.0.8) lib/action_dispatch/middleware/debug_exceptions.rb:21:in `call'
  actionpack (4.0.8) lib/action_dispatch/middleware/show_exceptions.rb:30:in `call'
  railties (4.0.8) lib/rails/rack/logger.rb:38:in `call_app'
  railties (4.0.8) lib/rails/rack/logger.rb:20:in `block in call'
  activesupport (4.0.8) lib/active_support/tagged_logging.rb:68:in `block in tagged'
  activesupport (4.0.8) lib/active_support/tagged_logging.rb:26:in `tagged'
  activesupport (4.0.8) lib/active_support/tagged_logging.rb:68:in `tagged'
  railties (4.0.8) lib/rails/rack/logger.rb:20:in `call'
  actionpack (4.0.8) lib/action_dispatch/middleware/request_id.rb:21:in `call'
  rack (1.5.2) lib/rack/methodoverride.rb:21:in `call'
  rack (1.5.2) lib/rack/runtime.rb:17:in `call'
  activesupport (4.0.8) lib/active_support/cache/strategy/local_cache.rb:83:in `call'
  rack (1.5.2) lib/rack/lock.rb:17:in `call'
  actionpack (4.0.8) lib/action_dispatch/middleware/static.rb:64:in `call'
  rack (1.5.2) lib/rack/sendfile.rb:112:in `call'
  railties (4.0.8) lib/rails/engine.rb:511:in `call'
  railties (4.0.8) lib/rails/application.rb:97:in `call'
  rack (1.5.2) lib/rack/lock.rb:17:in `call'
  rack (1.5.2) lib/rack/content_length.rb:14:in `call'
  rack (1.5.2) lib/rack/handler/webrick.rb:60:in `service'
  c:/Ruby200-x64/lib/ruby/2.0.0/webrick/httpserver.rb:138:in `service'
  c:/Ruby200-x64/lib/ruby/2.0.0/webrick/httpserver.rb:94:in `run'
  c:/Ruby200-x64/lib/ruby/2.0.0/webrick/server.rb:295:in `block in start_thread'


  Rendered c:/Ruby200-x64/lib/ruby/gems/2.0.0/gems/actionpack-4.0.8/lib/action_dispatch/middleware/templates/rescues/_trace.erb (1.0ms)
  Rendered c:/Ruby200-x64/lib/ruby/gems/2.0.0/gems/actionpack-4.0.8/lib/action_dispatch/middleware/templates/routes/_route.html.erb (1.0ms)
  Rendered c:/Ruby200-x64/lib/ruby/gems/2.0.0/gems/actionpack-4.0.8/lib/action_dispatch/middleware/templates/routes/_table.html.erb (1.0ms)
  Rendered c:/Ruby200-x64/lib/ruby/gems/2.0.0/gems/actionpack-4.0.8/lib/action_dispatch/middleware/templates/rescues/routing_error.erb within rescues/layout (76.0ms)


Started GET "/assets/jacqui.js?body=1" for 127.0.0.1 at 2014-09-08 22:01:49 -0500


Started GET "/assets/application.css?body=1" for 127.0.0.1 at 2014-09-08 22:01:49 -0500


Started GET "/assets/application.js?body=1" for 127.0.0.1 at 2014-09-08 22:01:49 -0500


Started GET "/sixmonth" for 127.0.0.1 at 2014-09-08 22:02:09 -0500
Processing by JacquiController#sixmonth as HTML
  Rendered jacqui/sixmonth.html.erb within layouts/application (1.0ms)
Completed 200 OK in 9ms (Views: 9.0ms | ActiveRecord: 0.0ms)


Started GET "/application.css" for 127.0.0.1 at 2014-09-08 22:02:09 -0500

ActionController::RoutingError (No route matches [GET] "/application.css"):
  actionpack (4.0.8) lib/action_dispatch/middleware/debug_exceptions.rb:21:in `call'
  actionpack (4.0.8) lib/action_dispatch/middleware/show_exceptions.rb:30:in `call'
  railties (4.0.8) lib/rails/rack/logger.rb:38:in `call_app'
  railties (4.0.8) lib/rails/rack/logger.rb:20:in `block in call'
  activesupport (4.0.8) lib/active_support/tagged_logging.rb:68:in `block in tagged'
  activesupport (4.0.8) lib/active_support/tagged_logging.rb:26:in `tagged'
  activesupport (4.0.8) lib/active_support/tagged_logging.rb:68:in `tagged'
  railties (4.0.8) lib/rails/rack/logger.rb:20:in `call'
  actionpack (4.0.8) lib/action_dispatch/middleware/request_id.rb:21:in `call'
  rack (1.5.2) lib/rack/methodoverride.rb:21:in `call'
  rack (1.5.2) lib/rack/runtime.rb:17:in `call'
  activesupport (4.0.8) lib/active_support/cache/strategy/local_cache.rb:83:in `call'
  rack (1.5.2) lib/rack/lock.rb:17:in `call'
  actionpack (4.0.8) lib/action_dispatch/middleware/static.rb:64:in `call'
  rack (1.5.2) lib/rack/sendfile.rb:112:in `call'
  railties (4.0.8) lib/rails/engine.rb:511:in `call'
  railties (4.0.8) lib/rails/application.rb:97:in `call'
  rack (1.5.2) lib/rack/lock.rb:17:in `call'
  rack (1.5.2) lib/rack/content_length.rb:14:in `call'
  rack (1.5.2) lib/rack/handler/webrick.rb:60:in `service'
  c:/Ruby200-x64/lib/ruby/2.0.0/webrick/httpserver.rb:138:in `service'
  c:/Ruby200-x64/lib/ruby/2.0.0/webrick/httpserver.rb:94:in `run'
  c:/Ruby200-x64/lib/ruby/2.0.0/webrick/server.rb:295:in `block in start_thread'


  Rendered c:/Ruby200-x64/lib/ruby/gems/2.0.0/gems/actionpack-4.0.8/lib/action_dispatch/middleware/templates/rescues/_trace.erb (1.0ms)
  Rendered c:/Ruby200-x64/lib/ruby/gems/2.0.0/gems/actionpack-4.0.8/lib/action_dispatch/middleware/templates/routes/_route.html.erb (1.0ms)
  Rendered c:/Ruby200-x64/lib/ruby/gems/2.0.0/gems/actionpack-4.0.8/lib/action_dispatch/middleware/templates/routes/_table.html.erb (1.0ms)
  Rendered c:/Ruby200-x64/lib/ruby/gems/2.0.0/gems/actionpack-4.0.8/lib/action_dispatch/middleware/templates/rescues/routing_error.erb within rescues/layout (74.0ms)


Started GET "/assets/turbolinks.js?body=1" for 127.0.0.1 at 2014-09-08 22:02:09 -0500


Started GET "/assets/application.css?body=1" for 127.0.0.1 at 2014-09-08 22:02:10 -0500


Started GET "/assets/jacqui.js?body=1" for 127.0.0.1 at 2014-09-08 22:02:10 -0500


Started GET "/assets/jquery.js?body=1" for 127.0.0.1 at 2014-09-08 22:02:10 -0500


Started GET "/assets/jquery_ujs.js?body=1" for 127.0.0.1 at 2014-09-08 22:02:10 -0500


Started GET "/assets/application.js?body=1" for 127.0.0.1 at 2014-09-08 22:02:10 -0500


Started GET "/home" for 127.0.0.1 at 2014-09-08 22:02:13 -0500
Processing by JacquiController#home as HTML
  Rendered jacqui/home.html.erb within layouts/application (0.0ms)
Completed 200 OK in 10ms (Views: 9.0ms | ActiveRecord: 0.0ms)


Started GET "/home" for 127.0.0.1 at 2014-09-08 22:02:13 -0500
Processing by JacquiController#home as HTML
  Rendered jacqui/home.html.erb within layouts/application (0.0ms)
Completed 200 OK in 8ms (Views: 8.0ms | ActiveRecord: 0.0ms)


Started GET "/application.css" for 127.0.0.1 at 2014-09-08 22:02:13 -0500

ActionController::RoutingError (No route matches [GET] "/application.css"):
  actionpack (4.0.8) lib/action_dispatch/middleware/debug_exceptions.rb:21:in `call'
  actionpack (4.0.8) lib/action_dispatch/middleware/show_exceptions.rb:30:in `call'
  railties (4.0.8) lib/rails/rack/logger.rb:38:in `call_app'
  railties (4.0.8) lib/rails/rack/logger.rb:20:in `block in call'
  activesupport (4.0.8) lib/active_support/tagged_logging.rb:68:in `block in tagged'
  activesupport (4.0.8) lib/active_support/tagged_logging.rb:26:in `tagged'
  activesupport (4.0.8) lib/active_support/tagged_logging.rb:68:in `tagged'
  railties (4.0.8) lib/rails/rack/logger.rb:20:in `call'
  actionpack (4.0.8) lib/action_dispatch/middleware/request_id.rb:21:in `call'
  rack (1.5.2) lib/rack/methodoverride.rb:21:in `call'
  rack (1.5.2) lib/rack/runtime.rb:17:in `call'
  activesupport (4.0.8) lib/active_support/cache/strategy/local_cache.rb:83:in `call'
  rack (1.5.2) lib/rack/lock.rb:17:in `call'
  actionpack (4.0.8) lib/action_dispatch/middleware/static.rb:64:in `call'
  rack (1.5.2) lib/rack/sendfile.rb:112:in `call'
  railties (4.0.8) lib/rails/engine.rb:511:in `call'
  railties (4.0.8) lib/rails/application.rb:97:in `call'
  rack (1.5.2) lib/rack/lock.rb:17:in `call'
  rack (1.5.2) lib/rack/content_length.rb:14:in `call'
  rack (1.5.2) lib/rack/handler/webrick.rb:60:in `service'
  c:/Ruby200-x64/lib/ruby/2.0.0/webrick/httpserver.rb:138:in `service'
  c:/Ruby200-x64/lib/ruby/2.0.0/webrick/httpserver.rb:94:in `run'
  c:/Ruby200-x64/lib/ruby/2.0.0/webrick/server.rb:295:in `block in start_thread'


  Rendered c:/Ruby200-x64/lib/ruby/gems/2.0.0/gems/actionpack-4.0.8/lib/action_dispatch/middleware/templates/rescues/_trace.erb (1.0ms)
  Rendered c:/Ruby200-x64/lib/ruby/gems/2.0.0/gems/actionpack-4.0.8/lib/action_dispatch/middleware/templates/routes/_route.html.erb (1.0ms)
  Rendered c:/Ruby200-x64/lib/ruby/gems/2.0.0/gems/actionpack-4.0.8/lib/action_dispatch/middleware/templates/routes/_table.html.erb (0.0ms)
  Rendered c:/Ruby200-x64/lib/ruby/gems/2.0.0/gems/actionpack-4.0.8/lib/action_dispatch/middleware/templates/rescues/routing_error.erb within rescues/layout (75.0ms)


Started GET "/assets/application.css?body=1" for 127.0.0.1 at 2014-09-08 22:02:13 -0500


Started GET "/assets/jacqui.js?body=1" for 127.0.0.1 at 2014-09-08 22:02:13 -0500


Started GET "/assets/turbolinks.js?body=1" for 127.0.0.1 at 2014-09-08 22:02:13 -0500


Started GET "/assets/jquery_ujs.js?body=1" for 127.0.0.1 at 2014-09-08 22:02:13 -0500


Started GET "/assets/jquery.js?body=1" for 127.0.0.1 at 2014-09-08 22:02:13 -0500


Started GET "/assets/application.js?body=1" for 127.0.0.1 at 2014-09-08 22:02:13 -0500


Started GET "/beach" for 127.0.0.1 at 2014-09-08 22:02:17 -0500
Processing by JacquiController#beach as HTML
  Rendered jacqui/beach.html.erb within layouts/application (0.0ms)
Completed 200 OK in 10ms (Views: 9.0ms | ActiveRecord: 0.0ms)


Started GET "/beach" for 127.0.0.1 at 2014-09-08 22:02:17 -0500
Processing by JacquiController#beach as HTML
  Rendered jacqui/beach.html.erb within layouts/application (0.0ms)
Completed 200 OK in 9ms (Views: 9.0ms | ActiveRecord: 0.0ms)


Started GET "/assets/turbolinks.js?body=1" for 127.0.0.1 at 2014-09-08 22:02:17 -0500


Started GET "/assets/jacqui.js?body=1" for 127.0.0.1 at 2014-09-08 22:02:17 -0500


Started GET "/assets/jquery.js?body=1" for 127.0.0.1 at 2014-09-08 22:02:17 -0500


Started GET "/assets/jquery_ujs.js?body=1" for 127.0.0.1 at 2014-09-08 22:02:17 -0500


Started GET "/assets/application.css?body=1" for 127.0.0.1 at 2014-09-08 22:02:17 -0500


Started GET "/application.css" for 127.0.0.1 at 2014-09-08 22:02:17 -0500

ActionController::RoutingError (No route matches [GET] "/application.css"):
  actionpack (4.0.8) lib/action_dispatch/middleware/debug_exceptions.rb:21:in `call'
  actionpack (4.0.8) lib/action_dispatch/middleware/show_exceptions.rb:30:in `call'
  railties (4.0.8) lib/rails/rack/logger.rb:38:in `call_app'
  railties (4.0.8) lib/rails/rack/logger.rb:20:in `block in call'
  activesupport (4.0.8) lib/active_support/tagged_logging.rb:68:in `block in tagged'
  activesupport (4.0.8) lib/active_support/tagged_logging.rb:26:in `tagged'
  activesupport (4.0.8) lib/active_support/tagged_logging.rb:68:in `tagged'
  railties (4.0.8) lib/rails/rack/logger.rb:20:in `call'
  actionpack (4.0.8) lib/action_dispatch/middleware/request_id.rb:21:in `call'
  rack (1.5.2) lib/rack/methodoverride.rb:21:in `call'
  rack (1.5.2) lib/rack/runtime.rb:17:in `call'
  activesupport (4.0.8) lib/active_support/cache/strategy/local_cache.rb:83:in `call'
  rack (1.5.2) lib/rack/lock.rb:17:in `call'
  actionpack (4.0.8) lib/action_dispatch/middleware/static.rb:64:in `call'
  rack (1.5.2) lib/rack/sendfile.rb:112:in `call'
  railties (4.0.8) lib/rails/engine.rb:511:in `call'
  railties (4.0.8) lib/rails/application.rb:97:in `call'
  rack (1.5.2) lib/rack/lock.rb:17:in `call'
  rack (1.5.2) lib/rack/content_length.rb:14:in `call'
  rack (1.5.2) lib/rack/handler/webrick.rb:60:in `service'
  c:/Ruby200-x64/lib/ruby/2.0.0/webrick/httpserver.rb:138:in `service'
  c:/Ruby200-x64/lib/ruby/2.0.0/webrick/httpserver.rb:94:in `run'
  c:/Ruby200-x64/lib/ruby/2.0.0/webrick/server.rb:295:in `block in start_thread'


  Rendered c:/Ruby200-x64/lib/ruby/gems/2.0.0/gems/actionpack-4.0.8/lib/action_dispatch/middleware/templates/rescues/_trace.erb (1.0ms)
  Rendered c:/Ruby200-x64/lib/ruby/gems/2.0.0/gems/actionpack-4.0.8/lib/action_dispatch/middleware/templates/routes/_route.html.erb (1.0ms)
  Rendered c:/Ruby200-x64/lib/ruby/gems/2.0.0/gems/actionpack-4.0.8/lib/action_dispatch/middleware/templates/routes/_table.html.erb (1.0ms)
  Rendered c:/Ruby200-x64/lib/ruby/gems/2.0.0/gems/actionpack-4.0.8/lib/action_dispatch/middleware/templates/rescues/routing_error.erb within rescues/layout (75.0ms)


Started GET "/assets/application.js?body=1" for 127.0.0.1 at 2014-09-08 22:02:17 -0500


Started GET "/sixmonth" for 127.0.0.1 at 2014-09-08 22:02:21 -0500
Processing by JacquiController#sixmonth as HTML
  Rendered jacqui/sixmonth.html.erb within layouts/application (0.0ms)
Completed 200 OK in 10ms (Views: 9.0ms | ActiveRecord: 0.0ms)


Started GET "/sixmonth" for 127.0.0.1 at 2014-09-08 22:02:21 -0500
Processing by JacquiController#sixmonth as HTML
  Rendered jacqui/sixmonth.html.erb within layouts/application (0.0ms)
Completed 200 OK in 9ms (Views: 8.0ms | ActiveRecord: 0.0ms)


Started GET "/assets/jacqui.js?body=1" for 127.0.0.1 at 2014-09-08 22:02:21 -0500


Started GET "/assets/jquery.js?body=1" for 127.0.0.1 at 2014-09-08 22:02:21 -0500


Started GET "/assets/application.css?body=1" for 127.0.0.1 at 2014-09-08 22:02:21 -0500


Started GET "/assets/jquery_ujs.js?body=1" for 127.0.0.1 at 2014-09-08 22:02:21 -0500


Started GET "/assets/turbolinks.js?body=1" for 127.0.0.1 at 2014-09-08 22:02:21 -0500


Started GET "/application.css" for 127.0.0.1 at 2014-09-08 22:02:21 -0500

ActionController::RoutingError (No route matches [GET] "/application.css"):
  actionpack (4.0.8) lib/action_dispatch/middleware/debug_exceptions.rb:21:in `call'
  actionpack (4.0.8) lib/action_dispatch/middleware/show_exceptions.rb:30:in `call'
  railties (4.0.8) lib/rails/rack/logger.rb:38:in `call_app'
  railties (4.0.8) lib/rails/rack/logger.rb:20:in `block in call'
  activesupport (4.0.8) lib/active_support/tagged_logging.rb:68:in `block in tagged'
  activesupport (4.0.8) lib/active_support/tagged_logging.rb:26:in `tagged'
  activesupport (4.0.8) lib/active_support/tagged_logging.rb:68:in `tagged'
  railties (4.0.8) lib/rails/rack/logger.rb:20:in `call'
  actionpack (4.0.8) lib/action_dispatch/middleware/request_id.rb:21:in `call'
  rack (1.5.2) lib/rack/methodoverride.rb:21:in `call'
  rack (1.5.2) lib/rack/runtime.rb:17:in `call'
  activesupport (4.0.8) lib/active_support/cache/strategy/local_cache.rb:83:in `call'
  rack (1.5.2) lib/rack/lock.rb:17:in `call'
  actionpack (4.0.8) lib/action_dispatch/middleware/static.rb:64:in `call'
  rack (1.5.2) lib/rack/sendfile.rb:112:in `call'
  railties (4.0.8) lib/rails/engine.rb:511:in `call'
  railties (4.0.8) lib/rails/application.rb:97:in `call'
  rack (1.5.2) lib/rack/lock.rb:17:in `call'
  rack (1.5.2) lib/rack/content_length.rb:14:in `call'
  rack (1.5.2) lib/rack/handler/webrick.rb:60:in `service'
  c:/Ruby200-x64/lib/ruby/2.0.0/webrick/httpserver.rb:138:in `service'
  c:/Ruby200-x64/lib/ruby/2.0.0/webrick/httpserver.rb:94:in `run'
  c:/Ruby200-x64/lib/ruby/2.0.0/webrick/server.rb:295:in `block in start_thread'


  Rendered c:/Ruby200-x64/lib/ruby/gems/2.0.0/gems/actionpack-4.0.8/lib/action_dispatch/middleware/templates/rescues/_trace.erb (13.0ms)
  Rendered c:/Ruby200-x64/lib/ruby/gems/2.0.0/gems/actionpack-4.0.8/lib/action_dispatch/middleware/templates/routes/_route.html.erb (1.0ms)
  Rendered c:/Ruby200-x64/lib/ruby/gems/2.0.0/gems/actionpack-4.0.8/lib/action_dispatch/middleware/templates/routes/_table.html.erb (1.0ms)
  Rendered c:/Ruby200-x64/lib/ruby/gems/2.0.0/gems/actionpack-4.0.8/lib/action_dispatch/middleware/templates/rescues/routing_error.erb within rescues/layout (88.0ms)


Started GET "/assets/application.js?body=1" for 127.0.0.1 at 2014-09-08 22:02:21 -0500


Started GET "/beach" for 127.0.0.1 at 2014-09-08 22:02:30 -0500
Processing by JacquiController#beach as HTML
  Rendered jacqui/beach.html.erb within layouts/application (0.0ms)
Completed 200 OK in 10ms (Views: 9.0ms | ActiveRecord: 0.0ms)


Started GET "/beach" for 127.0.0.1 at 2014-09-08 22:02:30 -0500
Processing by JacquiController#beach as HTML
  Rendered jacqui/beach.html.erb within layouts/application (0.0ms)
Completed 200 OK in 8ms (Views: 7.0ms | ActiveRecord: 0.0ms)


Started GET "/application.css" for 127.0.0.1 at 2014-09-08 22:02:30 -0500

ActionController::RoutingError (No route matches [GET] "/application.css"):
  actionpack (4.0.8) lib/action_dispatch/middleware/debug_exceptions.rb:21:in `call'
  actionpack (4.0.8) lib/action_dispatch/middleware/show_exceptions.rb:30:in `call'
  railties (4.0.8) lib/rails/rack/logger.rb:38:in `call_app'
  railties (4.0.8) lib/rails/rack/logger.rb:20:in `block in call'
  activesupport (4.0.8) lib/active_support/tagged_logging.rb:68:in `block in tagged'
  activesupport (4.0.8) lib/active_support/tagged_logging.rb:26:in `tagged'
  activesupport (4.0.8) lib/active_support/tagged_logging.rb:68:in `tagged'
  railties (4.0.8) lib/rails/rack/logger.rb:20:in `call'
  actionpack (4.0.8) lib/action_dispatch/middleware/request_id.rb:21:in `call'
  rack (1.5.2) lib/rack/methodoverride.rb:21:in `call'
  rack (1.5.2) lib/rack/runtime.rb:17:in `call'
  activesupport (4.0.8) lib/active_support/cache/strategy/local_cache.rb:83:in `call'
  rack (1.5.2) lib/rack/lock.rb:17:in `call'
  actionpack (4.0.8) lib/action_dispatch/middleware/static.rb:64:in `call'
  rack (1.5.2) lib/rack/sendfile.rb:112:in `call'
  railties (4.0.8) lib/rails/engine.rb:511:in `call'
  railties (4.0.8) lib/rails/application.rb:97:in `call'
  rack (1.5.2) lib/rack/lock.rb:17:in `call'
  rack (1.5.2) lib/rack/content_length.rb:14:in `call'
  rack (1.5.2) lib/rack/handler/webrick.rb:60:in `service'
  c:/Ruby200-x64/lib/ruby/2.0.0/webrick/httpserver.rb:138:in `service'
  c:/Ruby200-x64/lib/ruby/2.0.0/webrick/httpserver.rb:94:in `run'
  c:/Ruby200-x64/lib/ruby/2.0.0/webrick/server.rb:295:in `block in start_thread'


  Rendered c:/Ruby200-x64/lib/ruby/gems/2.0.0/gems/actionpack-4.0.8/lib/action_dispatch/middleware/templates/rescues/_trace.erb (0.0ms)
  Rendered c:/Ruby200-x64/lib/ruby/gems/2.0.0/gems/actionpack-4.0.8/lib/action_dispatch/middleware/templates/routes/_route.html.erb (1.0ms)
  Rendered c:/Ruby200-x64/lib/ruby/gems/2.0.0/gems/actionpack-4.0.8/lib/action_dispatch/middleware/templates/routes/_table.html.erb (1.0ms)
  Rendered c:/Ruby200-x64/lib/ruby/gems/2.0.0/gems/actionpack-4.0.8/lib/action_dispatch/middleware/templates/rescues/routing_error.erb within rescues/layout (74.0ms)


Started GET "/assets/jquery.js?body=1" for 127.0.0.1 at 2014-09-08 22:02:30 -0500


Started GET "/assets/jacqui.js?body=1" for 127.0.0.1 at 2014-09-08 22:02:30 -0500


Started GET "/assets/turbolinks.js?body=1" for 127.0.0.1 at 2014-09-08 22:02:30 -0500


Started GET "/assets/application.css?body=1" for 127.0.0.1 at 2014-09-08 22:02:30 -0500


Started GET "/assets/jquery_ujs.js?body=1" for 127.0.0.1 at 2014-09-08 22:02:30 -0500


Started GET "/assets/application.js?body=1" for 127.0.0.1 at 2014-09-08 22:02:31 -0500


Started GET "/beach" for 127.0.0.1 at 2014-09-08 22:03:10 -0500
Processing by JacquiController#beach as HTML
  Rendered jacqui/beach.html.erb within layouts/application (0.0ms)
Completed 200 OK in 9ms (Views: 8.0ms | ActiveRecord: 0.0ms)


Started GET "/application.css" for 127.0.0.1 at 2014-09-08 22:03:10 -0500

ActionController::RoutingError (No route matches [GET] "/application.css"):
  actionpack (4.0.8) lib/action_dispatch/middleware/debug_exceptions.rb:21:in `call'
  actionpack (4.0.8) lib/action_dispatch/middleware/show_exceptions.rb:30:in `call'
  railties (4.0.8) lib/rails/rack/logger.rb:38:in `call_app'
  railties (4.0.8) lib/rails/rack/logger.rb:20:in `block in call'
  activesupport (4.0.8) lib/active_support/tagged_logging.rb:68:in `block in tagged'
  activesupport (4.0.8) lib/active_support/tagged_logging.rb:26:in `tagged'
  activesupport (4.0.8) lib/active_support/tagged_logging.rb:68:in `tagged'
  railties (4.0.8) lib/rails/rack/logger.rb:20:in `call'
  actionpack (4.0.8) lib/action_dispatch/middleware/request_id.rb:21:in `call'
  rack (1.5.2) lib/rack/methodoverride.rb:21:in `call'
  rack (1.5.2) lib/rack/runtime.rb:17:in `call'
  activesupport (4.0.8) lib/active_support/cache/strategy/local_cache.rb:83:in `call'
  rack (1.5.2) lib/rack/lock.rb:17:in `call'
  actionpack (4.0.8) lib/action_dispatch/middleware/static.rb:64:in `call'
  rack (1.5.2) lib/rack/sendfile.rb:112:in `call'
  railties (4.0.8) lib/rails/engine.rb:511:in `call'
  railties (4.0.8) lib/rails/application.rb:97:in `call'
  rack (1.5.2) lib/rack/lock.rb:17:in `call'
  rack (1.5.2) lib/rack/content_length.rb:14:in `call'
  rack (1.5.2) lib/rack/handler/webrick.rb:60:in `service'
  c:/Ruby200-x64/lib/ruby/2.0.0/webrick/httpserver.rb:138:in `service'
  c:/Ruby200-x64/lib/ruby/2.0.0/webrick/httpserver.rb:94:in `run'
  c:/Ruby200-x64/lib/ruby/2.0.0/webrick/server.rb:295:in `block in start_thread'


  Rendered c:/Ruby200-x64/lib/ruby/gems/2.0.0/gems/actionpack-4.0.8/lib/action_dispatch/middleware/templates/rescues/_trace.erb (1.0ms)
  Rendered c:/Ruby200-x64/lib/ruby/gems/2.0.0/gems/actionpack-4.0.8/lib/action_dispatch/middleware/templates/routes/_route.html.erb (1.0ms)
  Rendered c:/Ruby200-x64/lib/ruby/gems/2.0.0/gems/actionpack-4.0.8/lib/action_dispatch/middleware/templates/routes/_table.html.erb (1.0ms)
  Rendered c:/Ruby200-x64/lib/ruby/gems/2.0.0/gems/actionpack-4.0.8/lib/action_dispatch/middleware/templates/rescues/routing_error.erb within rescues/layout (88.0ms)


Started GET "/assets/application.css?body=1" for 127.0.0.1 at 2014-09-08 22:03:10 -0500


Started GET "/assets/jquery.js?body=1" for 127.0.0.1 at 2014-09-08 22:03:10 -0500


Started GET "/assets/jquery_ujs.js?body=1" for 127.0.0.1 at 2014-09-08 22:03:10 -0500


Started GET "/assets/turbolinks.js?body=1" for 127.0.0.1 at 2014-09-08 22:03:10 -0500


Started GET "/assets/jacqui.js?body=1" for 127.0.0.1 at 2014-09-08 22:03:10 -0500


Started GET "/assets/application.js?body=1" for 127.0.0.1 at 2014-09-08 22:03:10 -0500


Started GET "/home" for 127.0.0.1 at 2014-09-08 22:03:11 -0500
Processing by JacquiController#home as HTML
  Rendered jacqui/home.html.erb within layouts/application (0.0ms)
Completed 200 OK in 9ms (Views: 9.0ms | ActiveRecord: 0.0ms)


Started GET "/home" for 127.0.0.1 at 2014-09-08 22:03:11 -0500
Processing by JacquiController#home as HTML
  Rendered jacqui/home.html.erb within layouts/application (0.0ms)
Completed 200 OK in 8ms (Views: 8.0ms | ActiveRecord: 0.0ms)


Started GET "/assets/turbolinks.js?body=1" for 127.0.0.1 at 2014-09-08 22:03:11 -0500


Started GET "/assets/jacqui.js?body=1" for 127.0.0.1 at 2014-09-08 22:03:11 -0500


Started GET "/assets/application.js?body=1" for 127.0.0.1 at 2014-09-08 22:03:11 -0500


Started GET "/assets/application.css?body=1" for 127.0.0.1 at 2014-09-08 22:03:11 -0500


Started GET "/assets/jquery_ujs.js?body=1" for 127.0.0.1 at 2014-09-08 22:03:11 -0500


Started GET "/assets/jquery.js?body=1" for 127.0.0.1 at 2014-09-08 22:03:11 -0500


Started GET "/application.css" for 127.0.0.1 at 2014-09-08 22:03:11 -0500

ActionController::RoutingError (No route matches [GET] "/application.css"):
  actionpack (4.0.8) lib/action_dispatch/middleware/debug_exceptions.rb:21:in `call'
  actionpack (4.0.8) lib/action_dispatch/middleware/show_exceptions.rb:30:in `call'
  railties (4.0.8) lib/rails/rack/logger.rb:38:in `call_app'
  railties (4.0.8) lib/rails/rack/logger.rb:20:in `block in call'
  activesupport (4.0.8) lib/active_support/tagged_logging.rb:68:in `block in tagged'
  activesupport (4.0.8) lib/active_support/tagged_logging.rb:26:in `tagged'
  activesupport (4.0.8) lib/active_support/tagged_logging.rb:68:in `tagged'
  railties (4.0.8) lib/rails/rack/logger.rb:20:in `call'
  actionpack (4.0.8) lib/action_dispatch/middleware/request_id.rb:21:in `call'
  rack (1.5.2) lib/rack/methodoverride.rb:21:in `call'
  rack (1.5.2) lib/rack/runtime.rb:17:in `call'
  activesupport (4.0.8) lib/active_support/cache/strategy/local_cache.rb:83:in `call'
  rack (1.5.2) lib/rack/lock.rb:17:in `call'
  actionpack (4.0.8) lib/action_dispatch/middleware/static.rb:64:in `call'
  rack (1.5.2) lib/rack/sendfile.rb:112:in `call'
  railties (4.0.8) lib/rails/engine.rb:511:in `call'
  railties (4.0.8) lib/rails/application.rb:97:in `call'
  rack (1.5.2) lib/rack/lock.rb:17:in `call'
  rack (1.5.2) lib/rack/content_length.rb:14:in `call'
  rack (1.5.2) lib/rack/handler/webrick.rb:60:in `service'
  c:/Ruby200-x64/lib/ruby/2.0.0/webrick/httpserver.rb:138:in `service'
  c:/Ruby200-x64/lib/ruby/2.0.0/webrick/httpserver.rb:94:in `run'
  c:/Ruby200-x64/lib/ruby/2.0.0/webrick/server.rb:295:in `block in start_thread'


  Rendered c:/Ruby200-x64/lib/ruby/gems/2.0.0/gems/actionpack-4.0.8/lib/action_dispatch/middleware/templates/rescues/_trace.erb (1.0ms)
  Rendered c:/Ruby200-x64/lib/ruby/gems/2.0.0/gems/actionpack-4.0.8/lib/action_dispatch/middleware/templates/routes/_route.html.erb (1.0ms)
  Rendered c:/Ruby200-x64/lib/ruby/gems/2.0.0/gems/actionpack-4.0.8/lib/action_dispatch/middleware/templates/routes/_table.html.erb (1.0ms)
  Rendered c:/Ruby200-x64/lib/ruby/gems/2.0.0/gems/actionpack-4.0.8/lib/action_dispatch/middleware/templates/rescues/routing_error.erb within rescues/layout (74.0ms)
